Arguments: 
  C:\Program Files\nodejs\node.exe C:\Program Files (x86)\Yarn\bin\yarn.js install --force

PATH: 
  C:\Users\User\Desktop\Development\alhoritms\node_modules\.bin;C:\Windows\system32;C:\Windows;C:\Windows\System32\Wbem;C:\Windows\System32\WindowsPowerShell\v1.0\;C:\Windows\System32\OpenSSH\;C:\Program Files (x86)\NVIDIA Corporation\PhysX\Common;C:\Program Files\NVIDIA Corporation\NVIDIA NvDLISR;C:\Program Files\nodejs\;C:\Program Files\Git\cmd;C:\Program Files (x86)\Yarn\bin\;C:\Users\User\AppData\Local\Microsoft\WindowsApps;;C:\Program Files\JetBrains\WebStorm 2019.3.2\bin;;C:\Users\User\AppData\Roaming\npm;C:\Users\User\AppData\Local\Yarn\bin

Yarn version: 
  1.22.0

Node version: 
  12.16.0

Platform: 
  win32 x64

Trace: 
  Error: http://npm.ginsp.net/lorem-ipsum/-/lorem-ipsum-2.0.3.tgz: Request failed "403 Forbidden"
      at ResponseError.ExtendableBuiltin (C:\Program Files (x86)\Yarn\lib\cli.js:696:66)
      at new ResponseError (C:\Program Files (x86)\Yarn\lib\cli.js:802:124)
      at Request.<anonymous> (C:\Program Files (x86)\Yarn\lib\cli.js:66154:16)
      at Request.emit (events.js:321:20)
      at Request.module.exports.Request.onRequestResponse (C:\Program Files (x86)\Yarn\lib\cli.js:141604:10)
      at ClientRequest.emit (events.js:321:20)
      at HTTPParser.parserOnIncomingClient [as onIncoming] (_http_client.js:603:27)
      at HTTPParser.parserOnHeadersComplete (_http_common.js:119:17)
      at Socket.socketOnData (_http_client.js:476:22)
      at Socket.emit (events.js:321:20)

npm manifest: 
  {
    "name": "Binary",
    "version": "1.0.0",
    "description": "Example binary algorithm on TypeScript",
    "main": "index.ts",
    "author": "Gennadiy Karachentsev",
    "license": "MIT",
    "scripts": {
      "start": "tsc ./src/index.ts --downlevelIteration && node ./src/index.js"
    },
    "dependencies": {
      "lorem-ipsum": "^2.0.3",
      "typescript": "^3.7.5"
    },
    "devDependencies": {
      "@types/lorem-ipsum": "^2.0.0",
      "@types/node": "^13.7.0"
    }
  }

yarn manifest: 
  No manifest

Lockfile: 
  # THIS IS AN AUTOGENERATED FILE. DO NOT EDIT THIS FILE DIRECTLY.
  # yarn lockfile v1
  
  
  "@types/lorem-ipsum@^2.0.0":
    version "2.0.0"
    resolved "http://npm.ginsp.net/@types%2florem-ipsum/-/lorem-ipsum-2.0.0.tgz#8877e571d44b36db287b7254d0f4a0b805cd4996"
    integrity sha512-CCOaS3QbRyc3DD6/YK/HXtIR4Nymae1GkYA+JJsHmXgTRD6eJc94x0ndiGzQHCMYnZZhrIrNFJIeVnR2fXVzmA==
    dependencies:
      lorem-ipsum "*"
  
  "@types/node@^13.7.0":
    version "13.7.0"
    resolved "http://npm.ginsp.net/@types%2fnode/-/node-13.7.0.tgz#b417deda18cf8400f278733499ad5547ed1abec4"
    integrity sha512-GnZbirvmqZUzMgkFn70c74OQpTTUcCzlhQliTzYjQMqg+hVKcDnxdL19Ne3UdYzdMA/+W3eb646FWn/ZaT1NfQ==
  
  commander@^2.17.1:
    version "2.20.3"
    resolved "http://npm.ginsp.net/commander/-/commander-2.20.3.tgz#fd485e84c03eb4881c20722ba48035e8531aeb33"
    integrity sha512-GpVkmM8vF2vQUkj2LvZmD35JxeJOLCwJ9cUkugyk2nuhbv3+mJvpLYYt+0+USMxE+oj+ey/lJEnhZw75x/OMcQ==
  
  lorem-ipsum@*, lorem-ipsum@^2.0.3:
    version "2.0.3"
    resolved "http://npm.ginsp.net/lorem-ipsum/-/lorem-ipsum-2.0.3.tgz#9f1fa634780c9f58a349d4e091c3ba74f733164e"
    integrity sha512-CX2r84DMWjW/DWiuzicTI9aRaJPAw2cvAGMJYZh/nx12OkTGqloj8y8FU0S8ZkKwOdqhfxEA6Ly8CW2P6Yxjwg==
    dependencies:
      commander "^2.17.1"
  
  typescript@^3.7.5:
    version "3.7.5"
    resolved "http://npm.ginsp.net/typescript/-/typescript-3.7.5.tgz#0692e21f65fd4108b9330238aac11dd2e177a1ae"
    integrity sha512-/P5lkRXkWHNAbcJIiHPfRoKqyd7bsyCma1hZNUGfn20qm64T6ZBlrzprymeu918H+mB/0rIg2gGK/BXkhhYgBw==
